<?xml version="1.0" encoding="UTF-8"?>
<testsuite xmlns:xsi="http://www.w3.org/2001/XMLSchema-instance" xsi:noNamespaceSchemaLocation="https://maven.apache.org/surefire/maven-surefire-plugin/xsd/surefire-test-report.xsd" name="com.spotifindafriend.hw6.AppTest" time="4.158" tests="3" errors="0" skipped="0" failures="0">
  <properties>
    <property name="java.specification.version" value="17"/>
    <property name="sun.jnu.encoding" value="UTF-8"/>
    <property name="java.class.path" value="/Users/aiyanahuang/Desktop/COLLEGE/17214-Principles of Software/hw6-analytics-framework-spotifindafriend/spotifindafriend/backend/JavaProject/target/test-classes:/Users/aiyanahuang/Desktop/COLLEGE/17214-Principles of Software/hw6-analytics-framework-spotifindafriend/spotifindafriend/backend/JavaProject/target/classes:/Users/aiyanahuang/.m2/repository/org/nanohttpd/nanohttpd/2.3.0/nanohttpd-2.3.0.jar:/Users/aiyanahuang/.m2/repository/se/michaelthelin/spotify/spotify-web-api-java/7.0.1/spotify-web-api-java-7.0.1.jar:/Users/aiyanahuang/.m2/repository/com/fasterxml/jackson/core/jackson-databind/2.13.2.2/jackson-databind-2.13.2.2.jar:/Users/aiyanahuang/.m2/repository/com/fasterxml/jackson/core/jackson-annotations/2.13.2/jackson-annotations-2.13.2.jar:/Users/aiyanahuang/.m2/repository/com/fasterxml/jackson/core/jackson-core/2.13.2/jackson-core-2.13.2.jar:/Users/aiyanahuang/.m2/repository/com/neovisionaries/nv-i18n/1.29/nv-i18n-1.29.jar:/Users/aiyanahuang/.m2/repository/org/apache/httpcomponents/client5/httpclient5-cache/5.1.3/httpclient5-cache-5.1.3.jar:/Users/aiyanahuang/.m2/repository/org/apache/httpcomponents/client5/httpclient5/5.1.3/httpclient5-5.1.3.jar:/Users/aiyanahuang/.m2/repository/org/apache/httpcomponents/core5/httpcore5/5.1.3/httpcore5-5.1.3.jar:/Users/aiyanahuang/.m2/repository/org/apache/httpcomponents/core5/httpcore5-h2/5.1.3/httpcore5-h2-5.1.3.jar:/Users/aiyanahuang/.m2/repository/commons-codec/commons-codec/1.15/commons-codec-1.15.jar:/Users/aiyanahuang/.m2/repository/org/slf4j/slf4j-api/1.7.36/slf4j-api-1.7.36.jar:/Users/aiyanahuang/.m2/repository/com/github/jknack/handlebars/4.2.1/handlebars-4.2.1.jar:/Users/aiyanahuang/.m2/repository/org/slf4j/slf4j-simple/1.7.36/slf4j-simple-1.7.36.jar:/Users/aiyanahuang/.m2/repository/junit/junit/4.11/junit-4.11.jar:/Users/aiyanahuang/.m2/repository/org/hamcrest/hamcrest-core/1.3/hamcrest-core-1.3.jar:/Users/aiyanahuang/.m2/repository/commons-io/commons-io/2.11.0/commons-io-2.11.0.jar:/Users/aiyanahuang/.m2/repository/com/google/code/gson/gson/2.9.0/gson-2.9.0.jar:/Users/aiyanahuang/.m2/repository/org/icepear/echarts/echarts-java/1.0.3/echarts-java-1.0.3.jar:/Users/aiyanahuang/.m2/repository/org/mockito/mockito-core/4.4.0/mockito-core-4.4.0.jar:/Users/aiyanahuang/.m2/repository/net/bytebuddy/byte-buddy/1.12.8/byte-buddy-1.12.8.jar:/Users/aiyanahuang/.m2/repository/net/bytebuddy/byte-buddy-agent/1.12.8/byte-buddy-agent-1.12.8.jar:/Users/aiyanahuang/.m2/repository/org/objenesis/objenesis/3.2/objenesis-3.2.jar:"/>
    <property name="java.vm.vendor" value="Oracle Corporation"/>
    <property name="sun.arch.data.model" value="64"/>
    <property name="java.vendor.url" value="https://java.oracle.com/"/>
    <property name="os.name" value="Mac OS X"/>
    <property name="java.vm.specification.version" value="17"/>
    <property name="sun.java.launcher" value="SUN_STANDARD"/>
    <property name="user.country" value="US"/>
    <property name="sun.boot.library.path" value="/Users/aiyanahuang/Library/Java/JavaVirtualMachines/jdk-17.0.2.jdk/Contents/Home/lib"/>
    <property name="sun.java.command" value="/Users/aiyanahuang/Desktop/COLLEGE/17214-Principles of Software/hw6-analytics-framework-spotifindafriend/spotifindafriend/backend/JavaProject/target/surefire/surefirebooter16727449755143034036.jar /Users/aiyanahuang/Desktop/COLLEGE/17214-Principles of Software/hw6-analytics-framework-spotifindafriend/spotifindafriend/backend/JavaProject/target/surefire 2022-04-16T20-37-41_839-jvmRun1 surefire6062983448884138935tmp surefire_03222470783732529202tmp"/>
    <property name="http.nonProxyHosts" value="local|*.local|169.254/16|*.169.254/16"/>
    <property name="jdk.debug" value="release"/>
    <property name="surefire.test.class.path" value="/Users/aiyanahuang/Desktop/COLLEGE/17214-Principles of Software/hw6-analytics-framework-spotifindafriend/spotifindafriend/backend/JavaProject/target/test-classes:/Users/aiyanahuang/Desktop/COLLEGE/17214-Principles of Software/hw6-analytics-framework-spotifindafriend/spotifindafriend/backend/JavaProject/target/classes:/Users/aiyanahuang/.m2/repository/org/nanohttpd/nanohttpd/2.3.0/nanohttpd-2.3.0.jar:/Users/aiyanahuang/.m2/repository/se/michaelthelin/spotify/spotify-web-api-java/7.0.1/spotify-web-api-java-7.0.1.jar:/Users/aiyanahuang/.m2/repository/com/fasterxml/jackson/core/jackson-databind/2.13.2.2/jackson-databind-2.13.2.2.jar:/Users/aiyanahuang/.m2/repository/com/fasterxml/jackson/core/jackson-annotations/2.13.2/jackson-annotations-2.13.2.jar:/Users/aiyanahuang/.m2/repository/com/fasterxml/jackson/core/jackson-core/2.13.2/jackson-core-2.13.2.jar:/Users/aiyanahuang/.m2/repository/com/neovisionaries/nv-i18n/1.29/nv-i18n-1.29.jar:/Users/aiyanahuang/.m2/repository/org/apache/httpcomponents/client5/httpclient5-cache/5.1.3/httpclient5-cache-5.1.3.jar:/Users/aiyanahuang/.m2/repository/org/apache/httpcomponents/client5/httpclient5/5.1.3/httpclient5-5.1.3.jar:/Users/aiyanahuang/.m2/repository/org/apache/httpcomponents/core5/httpcore5/5.1.3/httpcore5-5.1.3.jar:/Users/aiyanahuang/.m2/repository/org/apache/httpcomponents/core5/httpcore5-h2/5.1.3/httpcore5-h2-5.1.3.jar:/Users/aiyanahuang/.m2/repository/commons-codec/commons-codec/1.15/commons-codec-1.15.jar:/Users/aiyanahuang/.m2/repository/org/slf4j/slf4j-api/1.7.36/slf4j-api-1.7.36.jar:/Users/aiyanahuang/.m2/repository/com/github/jknack/handlebars/4.2.1/handlebars-4.2.1.jar:/Users/aiyanahuang/.m2/repository/org/slf4j/slf4j-simple/1.7.36/slf4j-simple-1.7.36.jar:/Users/aiyanahuang/.m2/repository/junit/junit/4.11/junit-4.11.jar:/Users/aiyanahuang/.m2/repository/org/hamcrest/hamcrest-core/1.3/hamcrest-core-1.3.jar:/Users/aiyanahuang/.m2/repository/commons-io/commons-io/2.11.0/commons-io-2.11.0.jar:/Users/aiyanahuang/.m2/repository/com/google/code/gson/gson/2.9.0/gson-2.9.0.jar:/Users/aiyanahuang/.m2/repository/org/icepear/echarts/echarts-java/1.0.3/echarts-java-1.0.3.jar:/Users/aiyanahuang/.m2/repository/org/mockito/mockito-core/4.4.0/mockito-core-4.4.0.jar:/Users/aiyanahuang/.m2/repository/net/bytebuddy/byte-buddy/1.12.8/byte-buddy-1.12.8.jar:/Users/aiyanahuang/.m2/repository/net/bytebuddy/byte-buddy-agent/1.12.8/byte-buddy-agent-1.12.8.jar:/Users/aiyanahuang/.m2/repository/org/objenesis/objenesis/3.2/objenesis-3.2.jar:"/>
    <property name="sun.cpu.endian" value="little"/>
    <property name="user.home" value="/Users/aiyanahuang"/>
    <property name="user.language" value="en"/>
    <property name="java.specification.vendor" value="Oracle Corporation"/>
    <property name="java.version.date" value="2022-01-18"/>
    <property name="java.home" value="/Users/aiyanahuang/Library/Java/JavaVirtualMachines/jdk-17.0.2.jdk/Contents/Home"/>
    <property name="file.separator" value="/"/>
    <property name="basedir" value="/Users/aiyanahuang/Desktop/COLLEGE/17214-Principles of Software/hw6-analytics-framework-spotifindafriend/spotifindafriend/backend/JavaProject"/>
    <property name="java.vm.compressedOopsMode" value="Zero based"/>
    <property name="line.separator" value="&#10;"/>
    <property name="java.specification.name" value="Java Platform API Specification"/>
    <property name="java.vm.specification.vendor" value="Oracle Corporation"/>
    <property name="surefire.real.class.path" value="/Users/aiyanahuang/Desktop/COLLEGE/17214-Principles of Software/hw6-analytics-framework-spotifindafriend/spotifindafriend/backend/JavaProject/target/surefire/surefirebooter16727449755143034036.jar"/>
    <property name="sun.management.compiler" value="HotSpot 64-Bit Tiered Compilers"/>
    <property name="ftp.nonProxyHosts" value="local|*.local|169.254/16|*.169.254/16"/>
    <property name="java.runtime.version" value="17.0.2+8-86"/>
    <property name="user.name" value="aiyanahuang"/>
    <property name="path.separator" value=":"/>
    <property name="os.version" value="12.1"/>
    <property name="java.runtime.name" value="OpenJDK Runtime Environment"/>
    <property name="file.encoding" value="UTF-8"/>
    <property name="java.vm.name" value="OpenJDK 64-Bit Server VM"/>
    <property name="localRepository" value="/Users/aiyanahuang/.m2/repository"/>
    <property name="java.vendor.url.bug" value="https://bugreport.java.com/bugreport/"/>
    <property name="java.io.tmpdir" value="/var/folders/y_/l1zkh1f562dfn_wr6vvhb4800000gn/T/"/>
    <property name="java.version" value="17.0.2"/>
    <property name="user.dir" value="/Users/aiyanahuang/Desktop/COLLEGE/17214-Principles of Software/hw6-analytics-framework-spotifindafriend/spotifindafriend/backend/JavaProject"/>
    <property name="os.arch" value="x86_64"/>
    <property name="java.vm.specification.name" value="Java Virtual Machine Specification"/>
    <property name="native.encoding" value="UTF-8"/>
    <property name="java.library.path" value="/Users/aiyanahuang/Library/Java/Extensions:/Library/Java/Extensions:/Network/Library/Java/Extensions:/System/Library/Java/Extensions:/usr/lib/java:."/>
    <property name="java.vm.info" value="mixed mode, sharing"/>
    <property name="java.vendor" value="Oracle Corporation"/>
    <property name="java.vm.version" value="17.0.2+8-86"/>
    <property name="sun.io.unicode.encoding" value="UnicodeBig"/>
    <property name="socksNonProxyHosts" value="local|*.local|169.254/16|*.169.254/16"/>
    <property name="java.class.version" value="61.0"/>
  </properties>
  <testcase name="shouldThrowExceptionWithInvalidLoginLastFM" classname="com.spotifindafriend.hw6.AppTest" time="0.19"/>
  <testcase name="shouldThrowExceptionWithInvalidLoginSpotify" classname="com.spotifindafriend.hw6.AppTest" time="0.727"/>
  <testcase name="shouldBeSuccessfulWithValidUser" classname="com.spotifindafriend.hw6.AppTest" time="3.203"/>
</testsuite>